# JRE version: Java(TM) SE Runtime Environment (9.0+11) (build 9.0.4+11)
# Java VM: Java HotSpot(TM) 64-Bit Server VM (9.0.4+11, mixed mode, tiered, compressed oops, g1 gc, windows-amd64)
Heap:
 garbage-first heap   total 527360K, used 223309K [0x0000000700000000, 0x0000000700101018, 0x00000007c0000000)
  region size 1024K, 51 young (52224K), 3 survivors (3072K)
 Metaspace       used 102618K, capacity 105335K, committed 113228K, reserved 1146880K
  class space    used 13857K, capacity 14384K, committed 16000K, reserved 1048576K
GC Heap History (10 events):
Event: 5230.071 GC heap before
{Heap before GC invocations=931 (full 32):
 garbage-first heap   total 527360K, used 220318K [0x0000000700000000, 0x0000000700101018, 0x00000007c0000000)
  region size 1024K, 60 young (61440K), 3 survivors (3072K)
 Metaspace       used 102509K, capacity 105167K, committed 113228K, reserved 1146880K
  class space    used 13843K, capacity 14362K, committed 16000K, reserved 1048576K
}
Event: 5230.075 GC heap after
{Heap after GC invocations=932 (full 32):
 garbage-first heap   total 527360K, used 161097K [0x0000000700000000, 0x0000000700101018, 0x00000007c0000000)
  region size 1024K, 2 young (2048K), 2 survivors (2048K)
 Metaspace       used 102509K, capacity 105167K, committed 113228K, reserved 1146880K
  class space    used 13843K, capacity 14362K, committed 16000K, reserved 1048576K
}
Event: 5230.490 GC heap before
{Heap before GC invocations=932 (full 32):
 garbage-first heap   total 527360K, used 220489K [0x0000000700000000, 0x0000000700101018, 0x00000007c0000000)
  region size 1024K, 60 young (61440K), 2 survivors (2048K)
 Metaspace       used 102527K, capacity 105167K, committed 113228K, reserved 1146880K
  class space    used 13843K, capacity 14362K, committed 16000K, reserved 1048576K
}
Event: 5230.497 GC heap after
{Heap after GC invocations=933 (full 32):
 garbage-first heap   total 527360K, used 165320K [0x0000000700000000, 0x0000000700101018, 0x00000007c0000000)
  region size 1024K, 6 young (6144K), 6 survivors (6144K)
 Metaspace       used 102527K, capacity 105167K, committed 113228K, reserved 1146880K
  class space    used 13843K, capacity 14362K, committed 16000K, reserved 1048576K
}
Event: 5231.156 GC heap before
{Heap before GC invocations=933 (full 32):
 garbage-first heap   total 527360K, used 220616K [0x0000000700000000, 0x0000000700101018, 0x00000007c0000000)
  region size 1024K, 60 young (61440K), 6 survivors (6144K)
 Metaspace       used 102549K, capacity 105167K, committed 113228K, reserved 1146880K
  class space    used 13843K, capacity 14362K, committed 16000K, reserved 1048576K
}
Event: 5231.168 GC heap after
{Heap after GC invocations=934 (full 32):
 garbage-first heap   total 527360K, used 173017K [0x0000000700000000, 0x0000000700101018, 0x00000007c0000000)
  region size 1024K, 8 young (8192K), 8 survivors (8192K)
 Metaspace       used 102549K, capacity 105167K, committed 113228K, reserved 1146880K
  class space    used 13843K, capacity 14362K, committed 16000K, reserved 1048576K
}
Event: 5231.503 GC heap before
{Heap before GC invocations=934 (full 32):
 garbage-first heap   total 527360K, used 226265K [0x0000000700000000, 0x0000000700101018, 0x00000007c0000000)
  region size 1024K, 60 young (61440K), 8 survivors (8192K)
 Metaspace       used 102561K, capacity 105167K, committed 113228K, reserved 1146880K
  class space    used 13843K, capacity 14362K, committed 16000K, reserved 1048576K
}
Event: 5231.513 GC heap after
{Heap after GC invocations=935 (full 32):
 garbage-first heap   total 527360K, used 174796K [0x0000000700000000, 0x0000000700101018, 0x00000007c0000000)
  region size 1024K, 2 young (2048K), 2 survivors (2048K)
 Metaspace       used 102561K, capacity 105167K, committed 113228K, reserved 1146880K
  class space    used 13843K, capacity 14362K, committed 16000K, reserved 1048576K
}
Event: 5240.918 GC heap before
{Heap before GC invocations=935 (full 32):
 garbage-first heap   total 527360K, used 234188K [0x0000000700000000, 0x0000000700101018, 0x00000007c0000000)
  region size 1024K, 60 young (61440K), 2 survivors (2048K)
 Metaspace       used 102563K, capacity 105231K, committed 113228K, reserved 1146880K
  class space    used 13843K, capacity 14362K, committed 16000K, reserved 1048576K
}
Event: 5240.926 GC heap after
{Heap after GC invocations=936 (full 32):
 garbage-first heap   total 527360K, used 175181K [0x0000000700000000, 0x0000000700101018, 0x00000007c0000000)
  region size 1024K, 3 young (3072K), 3 survivors (3072K)
 Metaspace       used 102563K, capacity 105231K, committed 113228K, reserved 1146880K
  class space    used 13843K, capacity 14362K, committed 16000K, reserved 1048576K
}

